<?xml version="1.0" encoding="UTF-8"?>
<testsuite xmlns:xsi="http://www.w3.org/2001/XMLSchema-instance" xsi:noNamespaceSchemaLocation="https://maven.apache.org/surefire/maven-surefire-plugin/xsd/surefire-test-report-3.0.xsd" version="3.0" name="co.edu.uniquindio.poo.AppTest" time="0.141" tests="1" errors="0" skipped="0" failures="0">
  <properties>
[...]
</properties>
  <testcase name="shouldAnswerWithTrue" classname="co.edu.uniquindio.poo.AppTest" time="0.089">
    <system-err><![CDATA[may 27, 2024 5:45:18 P. M. co.edu.uniquindio.poo.AppTest shouldAnswerWithTrue
INFORMACIÓN: Iniciado test shouldAnswerWithTrue
may 27, 2024 5:45:18 P. M. co.edu.uniquindio.poo.AppTest shouldAnswerWithTrue
INFORMACIÓN: Finalizando test shouldAnswerWithTrue
]]></system-err>
  </testcase>
</testsuite>